{
    "type": "object",
    "properties": {
        "data": {
            "type": "object",
            "properties": {
                "comparendos": {
                    "type": [
                        "object",
                        "array"
                    ],
                    "items": {
                        "type": "object",
                        "properties": {
                            "comparendo1": {
                                "comparendo_type": " COMPARENDO - ELECTRONICO ",
                                "comparendo_status": " VIGENTE  ",
                                "id_comparendo": " 11001000000032749757 ",
                                "placa": " BRY010  ",
                                "comparendo_date": " 04/09/2022 ",
                                "comparendo_saldo": " $468,500.00 ",
                                "comparen_intereses": " $0.00 ",
                                "comparendo_total": " $468,500.00 ",
                                "comparendo_medium": " CAMARAS FIJAS CENTRO DE GESTION  ",
                                "comparendo_id_number": "79.643.182",
                                "comparendo_id_type": "1 - CEDULA DE CIUDADANIA",
                                "comparendo_infraction_detail": "C32 ",
                                "comparendo_titular_name": "- NO RESPETAR EL PASO DE PEATONES QUE CRUZAN UNA VIA EN SITIO PERMITIDO PARA ELLOS O NO DARLES LA PRELACION EN LAS FRANJAS PARA ELLO ESTABLECIDAS.",
                                "comparendo_notification_date": "04/09/2022",
                                "comparen_link": "https://consultas.transitobogota.gov.co:8010/consultas_generales/imagen_comparendo.php?numero_comparendo=11001000000032749757&registro=27143643",
                                "comparendo_notification_link": "https://consultas.transitobogota.gov.co:8010/consultas_generales/imagen_notificacion.php?numero_comparendo=11001000000032749757&registro=27143643"
                            },
                            "comparendo2": {
                                "comparendo_type": " COMPARENDO - MANUAL  ",
                                "comparendo_status": " VIGENTE  ",
                                "id_comparendo": " 11001000000032941509 ",
                                "placa": " BRY010  ",
                                "comparendo_date": " 04/29/2022 ",
                                "comparendo_saldo": " $937,000.00 ",
                                "comparen_intereses": " $68,100.00 ",
                                "comparendo_total": " $1,005,100.00 ",
                                "comparendo_medium": " CONTROL EN VIA APOYADO EN DISPOSITIVOS MOVILES  ",
                                "comparendo_id_number": "79.643.182",
                                "comparendo_id_type": "1 - CEDULA DE CIUDADANIA",
                                "comparendo_infraction_detail": "D12 ",
                                "comparendo_titular_name": "- CONDUCIR UN VEHICULO QUE, SIN LA DEBIDA AUTORIZACION, SE DESTINE A UN SERVICIO DIFERENTE DE AQUEL PARA EL CUAL TIENE LICENCIA DE TRANSITO. ADEMAS, EL VEHICULO SERA INMOVILIZADO POR PRIMERA VEZ, POR EL TERMINO DE CINCO DIAS, POR SEGUNDA VEZ VEINTE DIAS Y POR TERCERA VEZ CUARENTA DIAS.",
                                "comparendo_notification_date": "04/29/2022",
                                "comparen_link": "https://consultas.transitobogota.gov.co:8010/consultas_generales/imagen_comparendo.php?numero_comparendo=11001000000032941509&registro=27008415"
                            },
                            "comparendo3": {
                                "comparendo_type": " COMPARENDO - MANUAL  ",
                                "comparendo_status": " VIGENTE  ",
                                "id_comparendo": " 11001000000035579536 ",
                                "placa": " BRY010  ",
                                "comparendo_date": " 01/10/2023 ",
                                "comparendo_saldo": " $1,045,500.00 ",
                                "comparen_intereses": " $0.00 ",
                                "comparendo_total": " $1,045,500.00 ",
                                "comparendo_medium": " CONTROL EN VIA APOYADO EN DISPOSITIVOS MOVILES  ",
                                "comparendo_id_number": "79.643.182",
                                "comparendo_id_type": "1 - CEDULA DE CIUDADANIA",
                                "comparendo_infraction_detail": "D12 ",
                                "comparendo_titular_name": "- CONDUCIR UN VEHICULO QUE, SIN LA DEBIDA AUTORIZACION, SE DESTINE A UN SERVICIO DIFERENTE DE AQUEL PARA EL CUAL TIENE LICENCIA DE TRANSITO. ADEMAS, EL VEHICULO SERA INMOVILIZADO POR PRIMERA VEZ, POR EL TERMINO DE CINCO DIAS, POR SEGUNDA VEZ VEINTE DIAS Y POR TERCERA VEZ CUARENTA DIAS.",
                                "comparendo_notification_date": "01/10/2023",
                                "comparen_link": "https://consultas.transitobogota.gov.co:8010/consultas_generales/imagen_comparendo.php?numero_comparendo=11001000000035579536&registro=27869591"
                            }
                        },
                        "required": [
                            "codigoInfraccion",
                            "descripcionInfraccion",
                            "direccionComparendo",
                            "estadoComparendo",
                            "fechaComparendo",
                            "infractorComparendo",
                            "numeroComparendo",
                            "placaVehiculo",
                            "secretariaComparendo",
                            "servicioVehiculo",
                            "tipoVehiculo",
                            "total"
                        ]
                    }
                }
            },
            "required": [
                "comparendos"
            ]
        }
    },
    "required": [
        "data"
    ]
}
Done.
